2017-04-14 14:39:51 trace :
------------
String:
<xml><ToUserName><![CDATA[gh_1557bd037cb0]]></ToUserName>
<FromUserName><![CDATA[oKSD-vgRrIGHuD1WtAazw0_pnjV8]]></FromUserName>
<CreateTime>1492151991</CreateTime>
<MsgType><![CDATA[text]]></MsgType>
<Content><![CDATA[你好]]></Content>
<MsgId>6408744002421230641</MsgId>
</xml>

2017-04-14 14:39:51 params :
------------
Array:
message : Array ;
module : basic ;
rule : 10 ;
priority : 0 ;
keyword : Array ;

2017-04-14 14:39:51 response :
------------
Array:
FromUserName : gh_1557bd037cb0 ;
ToUserName : oKSD-vgRrIGHuD1WtAazw0_pnjV8 ;
MsgType : text ;
Content : 1234567890 ;

2017-04-14 14:41:30 trace :
------------
String:
<xml><ToUserName><![CDATA[gh_1557bd037cb0]]></ToUserName>
<FromUserName><![CDATA[oKSD-vgRrIGHuD1WtAazw0_pnjV8]]></FromUserName>
<CreateTime>1492152090</CreateTime>
<MsgType><![CDATA[text]]></MsgType>
<Content><![CDATA[123]]></Content>
<MsgId>6408744427622992958</MsgId>
</xml>

2017-04-14 14:41:30 params :
------------
Array:
message : Array ;
module : news ;
rule : 11 ;
priority : 0 ;
keyword : Array ;

2017-04-14 14:41:30 response :
------------
Array:
FromUserName : gh_1557bd037cb0 ;
ToUserName : oKSD-vgRrIGHuD1WtAazw0_pnjV8 ;
MsgType : news ;
ArticleCount : 1 ;
Articles : Array ;

2017-04-14 14:42:41 trace :
------------
String:
<xml><ToUserName><![CDATA[gh_1557bd037cb0]]></ToUserName>
<FromUserName><![CDATA[oKSD-vgRrIGHuD1WtAazw0_pnjV8]]></FromUserName>
<CreateTime>1492152160</CreateTime>
<MsgType><![CDATA[text]]></MsgType>
<Content><![CDATA[1234]]></Content>
<MsgId>6408744728270703686</MsgId>
</xml>

2017-04-14 14:42:41 params :
------------
Array:
message : Array ;
module : music ;
rule : 12 ;
priority : 0 ;
keyword : Array ;

2017-04-14 14:42:41 response :
------------
Array:
FromUserName : gh_1557bd037cb0 ;
ToUserName : oKSD-vgRrIGHuD1WtAazw0_pnjV8 ;
MsgType : music ;
Music : Array ;

2017-04-14 14:43:22 trace :
------------
String:
<xml><ToUserName><![CDATA[gh_1557bd037cb0]]></ToUserName>
<FromUserName><![CDATA[oKSD-vgRrIGHuD1WtAazw0_pnjV8]]></FromUserName>
<CreateTime>1492152202</CreateTime>
<MsgType><![CDATA[text]]></MsgType>
<Content><![CDATA[12345]]></Content>
<MsgId>6408744908659330121</MsgId>
</xml>

2017-04-14 14:43:22 params :
------------
Array:
message : Array ;
module : images ;
rule : 13 ;
priority : 0 ;
keyword : Array ;

2017-04-14 14:43:22 response :
------------
Array:
FromUserName : gh_1557bd037cb0 ;
ToUserName : oKSD-vgRrIGHuD1WtAazw0_pnjV8 ;
MsgType : image ;
Image : Array ;

2017-04-14 14:48:54 trace :
------------
String:
<xml><ToUserName><![CDATA[gh_1557bd037cb0]]></ToUserName>
<FromUserName><![CDATA[oKSD-vgRrIGHuD1WtAazw0_pnjV8]]></FromUserName>
<CreateTime>1492152534</CreateTime>
<MsgType><![CDATA[text]]></MsgType>
<Content><![CDATA[123]]></Content>
<MsgId>6408746334588472446</MsgId>
</xml>

2017-04-14 14:48:54 params :
------------
Array:
message : Array ;
module : cover ;
rule : 14 ;
priority : 0 ;
keyword : Array ;

2017-04-14 14:48:54 response :
------------
Array:
FromUserName : gh_1557bd037cb0 ;
ToUserName : oKSD-vgRrIGHuD1WtAazw0_pnjV8 ;
MsgType : news ;
ArticleCount : 1 ;
Articles : Array ;

2017-04-14 15:13:12 trace :
------------
String:
<xml><ToUserName><![CDATA[gh_1557bd037cb0]]></ToUserName>
<FromUserName><![CDATA[oKSD-vgRrIGHuD1WtAazw0_pnjV8]]></FromUserName>
<CreateTime>1492153992</CreateTime>
<MsgType><![CDATA[event]]></MsgType>
<Event><![CDATA[unsubscribe]]></Event>
<EventKey><![CDATA[]]></EventKey>
</xml>

2017-04-14 15:13:35 trace :
------------
String:
<xml><ToUserName><![CDATA[gh_1557bd037cb0]]></ToUserName>
<FromUserName><![CDATA[oKSD-vgRrIGHuD1WtAazw0_pnjV8]]></FromUserName>
<CreateTime>1492154014</CreateTime>
<MsgType><![CDATA[event]]></MsgType>
<Event><![CDATA[subscribe]]></Event>
<EventKey><![CDATA[]]></EventKey>
</xml>

2017-04-14 15:13:35 params :
------------
Array:
rule : -2 ;
module :  ;
message : Array ;

2017-04-14 15:13:35 response :
------------

2017-04-14 15:25:00 trace :
------------
String:
<xml><ToUserName><![CDATA[gh_1557bd037cb0]]></ToUserName>
<FromUserName><![CDATA[oKSD-vtvriNhkjD_pEFbIw2oe7PI]]></FromUserName>
<CreateTime>1492154700</CreateTime>
<MsgType><![CDATA[text]]></MsgType>
<Content><![CDATA[12345]]></Content>
<MsgId>6408755637487636054</MsgId>
</xml>

2017-04-14 15:25:00 params :
------------
Array:
message : Array ;
module : cover ;
rule : 15 ;
priority : 0 ;
keyword : Array ;

2017-04-14 15:25:00 response :
------------
Array:
FromUserName : gh_1557bd037cb0 ;
ToUserName : oKSD-vtvriNhkjD_pEFbIw2oe7PI ;
MsgType : news ;
ArticleCount : 1 ;
Articles : Array ;

2017-04-14 15:27:01 trace :
------------
String:
<xml><ToUserName><![CDATA[gh_1557bd037cb0]]></ToUserName>
<FromUserName><![CDATA[oKSD-vtvriNhkjD_pEFbIw2oe7PI]]></FromUserName>
<CreateTime>1492154821</CreateTime>
<MsgType><![CDATA[text]]></MsgType>
<Content><![CDATA[http://wx.fishingboats.cn/app/index.php?i=3&c=entry&p=designer&pageid=2&m=ewei_shop&do=plugin]]></Content>
<MsgId>6408756157178678907</MsgId>
</xml>

2017-04-14 15:27:01 params :
------------
Array:
rule : -2 ;
module :  ;
message : Array ;

2017-04-14 15:27:01 response :
------------

2017-04-14 15:28:22 trace :
------------
String:
<xml><ToUserName><![CDATA[gh_1557bd037cb0]]></ToUserName>
<FromUserName><![CDATA[oKSD-vh1mndPavt-DQUFMuNRooHk]]></FromUserName>
<CreateTime>1492154902</CreateTime>
<MsgType><![CDATA[event]]></MsgType>
<Event><![CDATA[subscribe]]></Event>
<EventKey><![CDATA[]]></EventKey>
</xml>

2017-04-14 15:28:22 params :
------------
Array:
rule : -2 ;
module :  ;
message : Array ;

2017-04-14 15:28:22 response :
------------

2017-04-14 16:24:47 trace :
------------
String:
<xml><ToUserName><![CDATA[gh_1557bd037cb0]]></ToUserName>
<FromUserName><![CDATA[oKSD-vgRrIGHuD1WtAazw0_pnjV8]]></FromUserName>
<CreateTime>1492158287</CreateTime>
<MsgType><![CDATA[event]]></MsgType>
<Event><![CDATA[VIEW]]></Event>
<EventKey><![CDATA[http://www.fishingboats.cn]]></EventKey>
<MenuId>414892197</MenuId>
</xml>

2017-04-14 16:24:47 params :
------------
Array:
rule : -2 ;
module :  ;
message : Array ;

2017-04-14 16:24:47 response :
------------

2017-04-14 16:24:58 trace :
------------
String:
<xml><ToUserName><![CDATA[gh_1557bd037cb0]]></ToUserName>
<FromUserName><![CDATA[oKSD-vgRrIGHuD1WtAazw0_pnjV8]]></FromUserName>
<CreateTime>1492158297</CreateTime>
<MsgType><![CDATA[event]]></MsgType>
<Event><![CDATA[unsubscribe]]></Event>
<EventKey><![CDATA[]]></EventKey>
</xml>

2017-04-14 16:26:20 trace :
------------
String:
<xml><ToUserName><![CDATA[gh_1557bd037cb0]]></ToUserName>
<FromUserName><![CDATA[oKSD-vgRrIGHuD1WtAazw0_pnjV8]]></FromUserName>
<CreateTime>1492158380</CreateTime>
<MsgType><![CDATA[event]]></MsgType>
<Event><![CDATA[subscribe]]></Event>
<EventKey><![CDATA[]]></EventKey>
</xml>

2017-04-14 16:26:20 params :
------------
Array:
rule : -2 ;
module :  ;
message : Array ;

2017-04-14 16:26:20 response :
------------

2017-04-14 16:26:40 trace :
------------
String:
<xml><ToUserName><![CDATA[gh_1557bd037cb0]]></ToUserName>
<FromUserName><![CDATA[oKSD-vgRrIGHuD1WtAazw0_pnjV8]]></FromUserName>
<CreateTime>1492158400</CreateTime>
<MsgType><![CDATA[event]]></MsgType>
<Event><![CDATA[VIEW]]></Event>
<EventKey><![CDATA[http://www.fishingboats.cn]]></EventKey>
<MenuId>414892197</MenuId>
</xml>

2017-04-14 16:26:40 params :
------------
Array:
rule : -2 ;
module :  ;
message : Array ;

2017-04-14 16:26:40 response :
------------

2017-04-14 16:32:33 trace :
------------
String:
<xml><ToUserName><![CDATA[gh_1557bd037cb0]]></ToUserName>
<FromUserName><![CDATA[oKSD-vgRrIGHuD1WtAazw0_pnjV8]]></FromUserName>
<CreateTime>1492158753</CreateTime>
<MsgType><![CDATA[event]]></MsgType>
<Event><![CDATA[unsubscribe]]></Event>
<EventKey><![CDATA[]]></EventKey>
</xml>

2017-04-14 16:32:48 trace :
------------
String:
<xml><ToUserName><![CDATA[gh_1557bd037cb0]]></ToUserName>
<FromUserName><![CDATA[oKSD-vgRrIGHuD1WtAazw0_pnjV8]]></FromUserName>
<CreateTime>1492158768</CreateTime>
<MsgType><![CDATA[event]]></MsgType>
<Event><![CDATA[subscribe]]></Event>
<EventKey><![CDATA[]]></EventKey>
</xml>

2017-04-14 16:32:48 params :
------------
Array:
rule : -2 ;
module :  ;
message : Array ;

2017-04-14 16:32:48 response :
------------

2017-04-14 16:32:52 trace :
------------
String:
<xml><ToUserName><![CDATA[gh_1557bd037cb0]]></ToUserName>
<FromUserName><![CDATA[oKSD-vgRrIGHuD1WtAazw0_pnjV8]]></FromUserName>
<CreateTime>1492158772</CreateTime>
<MsgType><![CDATA[event]]></MsgType>
<Event><![CDATA[VIEW]]></Event>
<EventKey><![CDATA[https://wx.fishingboats.cn]]></EventKey>
<MenuId>414945615</MenuId>
</xml>

2017-04-14 16:32:52 params :
------------
Array:
rule : -2 ;
module :  ;
message : Array ;

2017-04-14 16:32:52 response :
------------

2017-04-14 16:33:10 trace :
------------
String:
<xml><ToUserName><![CDATA[gh_1557bd037cb0]]></ToUserName>
<FromUserName><![CDATA[oKSD-vgRrIGHuD1WtAazw0_pnjV8]]></FromUserName>
<CreateTime>1492158790</CreateTime>
<MsgType><![CDATA[event]]></MsgType>
<Event><![CDATA[unsubscribe]]></Event>
<EventKey><![CDATA[]]></EventKey>
</xml>

2017-04-14 16:34:54 trace :
------------
String:
<xml><ToUserName><![CDATA[gh_1557bd037cb0]]></ToUserName>
<FromUserName><![CDATA[oKSD-vgRrIGHuD1WtAazw0_pnjV8]]></FromUserName>
<CreateTime>1492158894</CreateTime>
<MsgType><![CDATA[event]]></MsgType>
<Event><![CDATA[subscribe]]></Event>
<EventKey><![CDATA[]]></EventKey>
</xml>

2017-04-14 16:34:54 params :
------------
Array:
rule : -2 ;
module :  ;
message : Array ;

2017-04-14 16:34:54 response :
------------

2017-04-14 16:34:58 trace :
------------
String:
<xml><ToUserName><![CDATA[gh_1557bd037cb0]]></ToUserName>
<FromUserName><![CDATA[oKSD-vgRrIGHuD1WtAazw0_pnjV8]]></FromUserName>
<CreateTime>1492158898</CreateTime>
<MsgType><![CDATA[event]]></MsgType>
<Event><![CDATA[VIEW]]></Event>
<EventKey><![CDATA[https://wx.fishingboats.cn]]></EventKey>
<MenuId>414945615</MenuId>
</xml>

2017-04-14 16:34:58 params :
------------
Array:
rule : -2 ;
module :  ;
message : Array ;

2017-04-14 16:34:58 response :
------------

2017-04-14 16:35:20 trace :
------------
String:
<xml><ToUserName><![CDATA[gh_1557bd037cb0]]></ToUserName>
<FromUserName><![CDATA[oKSD-vgRrIGHuD1WtAazw0_pnjV8]]></FromUserName>
<CreateTime>1492158920</CreateTime>
<MsgType><![CDATA[event]]></MsgType>
<Event><![CDATA[unsubscribe]]></Event>
<EventKey><![CDATA[]]></EventKey>
</xml>

2017-04-14 16:35:54 trace :
------------
String:
<xml><ToUserName><![CDATA[gh_1557bd037cb0]]></ToUserName>
<FromUserName><![CDATA[oKSD-vgRrIGHuD1WtAazw0_pnjV8]]></FromUserName>
<CreateTime>1492158954</CreateTime>
<MsgType><![CDATA[event]]></MsgType>
<Event><![CDATA[subscribe]]></Event>
<EventKey><![CDATA[]]></EventKey>
</xml>

2017-04-14 16:35:54 params :
------------
Array:
rule : -2 ;
module :  ;
message : Array ;

2017-04-14 16:35:54 response :
------------

2017-04-14 16:37:33 trace :
------------
String:
<xml><ToUserName><![CDATA[gh_1557bd037cb0]]></ToUserName>
<FromUserName><![CDATA[oKSD-vrDNvnHtnUugEJgkfuF60zA]]></FromUserName>
<CreateTime>1492159053</CreateTime>
<MsgType><![CDATA[event]]></MsgType>
<Event><![CDATA[VIEW]]></Event>
<EventKey><![CDATA[http://wx.fishingboats.cn/app/index.php?i=3&c=entry&eid=1]]></EventKey>
<MenuId>414945737</MenuId>
</xml>

2017-04-14 16:37:33 params :
------------
Array:
rule : -2 ;
module :  ;
message : Array ;

2017-04-14 16:37:33 response :
------------

2017-04-14 16:37:46 trace :
------------
String:
<xml><ToUserName><![CDATA[gh_1557bd037cb0]]></ToUserName>
<FromUserName><![CDATA[oKSD-vrDNvnHtnUugEJgkfuF60zA]]></FromUserName>
<CreateTime>1492159066</CreateTime>
<MsgType><![CDATA[event]]></MsgType>
<Event><![CDATA[VIEW]]></Event>
<EventKey><![CDATA[http://wx.fishingboats.cn/app/index.php?i=3&c=entry&eid=1]]></EventKey>
<MenuId>414945737</MenuId>
</xml>

2017-04-14 16:37:46 params :
------------
Array:
rule : -2 ;
module :  ;
message : Array ;

2017-04-14 16:37:46 response :
------------

2017-04-14 16:38:05 trace :
------------
String:
<xml><ToUserName><![CDATA[gh_1557bd037cb0]]></ToUserName>
<FromUserName><![CDATA[oKSD-vgRrIGHuD1WtAazw0_pnjV8]]></FromUserName>
<CreateTime>1492159085</CreateTime>
<MsgType><![CDATA[event]]></MsgType>
<Event><![CDATA[unsubscribe]]></Event>
<EventKey><![CDATA[]]></EventKey>
</xml>

2017-04-14 16:41:49 trace :
------------
String:
<xml><ToUserName><![CDATA[gh_1557bd037cb0]]></ToUserName>
<FromUserName><![CDATA[oKSD-vgRrIGHuD1WtAazw0_pnjV8]]></FromUserName>
<CreateTime>1492159308</CreateTime>
<MsgType><![CDATA[event]]></MsgType>
<Event><![CDATA[subscribe]]></Event>
<EventKey><![CDATA[]]></EventKey>
</xml>

2017-04-14 16:41:49 params :
------------
Array:
rule : -2 ;
module :  ;
message : Array ;

2017-04-14 16:41:49 response :
------------

2017-04-14 16:41:51 trace :
------------
String:
<xml><ToUserName><![CDATA[gh_1557bd037cb0]]></ToUserName>
<FromUserName><![CDATA[oKSD-vgRrIGHuD1WtAazw0_pnjV8]]></FromUserName>
<CreateTime>1492159311</CreateTime>
<MsgType><![CDATA[event]]></MsgType>
<Event><![CDATA[VIEW]]></Event>
<EventKey><![CDATA[http://wx.fishingboats.cn/app/index.php?i=3&c=entry&eid=1]]></EventKey>
<MenuId>414945737</MenuId>
</xml>

2017-04-14 16:41:51 params :
------------
Array:
rule : -2 ;
module :  ;
message : Array ;

2017-04-14 16:41:51 response :
------------

2017-04-14 16:41:57 trace :
------------
String:
<xml><ToUserName><![CDATA[gh_1557bd037cb0]]></ToUserName>
<FromUserName><![CDATA[oKSD-vgRrIGHuD1WtAazw0_pnjV8]]></FromUserName>
<CreateTime>1492159317</CreateTime>
<MsgType><![CDATA[event]]></MsgType>
<Event><![CDATA[VIEW]]></Event>
<EventKey><![CDATA[http://wx.fishingboats.cn/app/index.php?i=3&c=mc&]]></EventKey>
<MenuId>414945737</MenuId>
</xml>

2017-04-14 16:41:57 params :
------------
Array:
rule : -2 ;
module :  ;
message : Array ;

2017-04-14 16:41:57 response :
------------

2017-04-14 16:42:10 trace :
------------
String:
<xml><ToUserName><![CDATA[gh_1557bd037cb0]]></ToUserName>
<FromUserName><![CDATA[oKSD-vgRrIGHuD1WtAazw0_pnjV8]]></FromUserName>
<CreateTime>1492159330</CreateTime>
<MsgType><![CDATA[event]]></MsgType>
<Event><![CDATA[VIEW]]></Event>
<EventKey><![CDATA[http://wx.fishingboats.cn/app/index.php?i=3&c=mc&a=bond&do=mycard&]]></EventKey>
<MenuId>414945737</MenuId>
</xml>

2017-04-14 16:42:10 params :
------------
Array:
rule : -2 ;
module :  ;
message : Array ;

2017-04-14 16:42:10 response :
------------

2017-04-14 17:25:35 trace :
------------
String:
<xml><ToUserName><![CDATA[gh_1557bd037cb0]]></ToUserName>
<FromUserName><![CDATA[oKSD-vgRrIGHuD1WtAazw0_pnjV8]]></FromUserName>
<CreateTime>1492161935</CreateTime>
<MsgType><![CDATA[event]]></MsgType>
<Event><![CDATA[VIEW]]></Event>
<EventKey><![CDATA[http://wx.fishingboats.cn/app/index.php?i=3&c=mc&a=bond&do=mycard&]]></EventKey>
<MenuId>414945737</MenuId>
</xml>

2017-04-14 17:25:35 params :
------------
Array:
rule : -2 ;
module :  ;
message : Array ;

2017-04-14 17:25:35 response :
------------

2017-04-14 17:26:33 trace :
------------
String:
<xml><ToUserName><![CDATA[gh_1557bd037cb0]]></ToUserName>
<FromUserName><![CDATA[oKSD-vgRrIGHuD1WtAazw0_pnjV8]]></FromUserName>
<CreateTime>1492161993</CreateTime>
<MsgType><![CDATA[event]]></MsgType>
<Event><![CDATA[VIEW]]></Event>
<EventKey><![CDATA[http://wx.fishingboats.cn/app/index.php?i=3&c=mc&]]></EventKey>
<MenuId>414945737</MenuId>
</xml>

2017-04-14 17:26:33 params :
------------
Array:
rule : -2 ;
module :  ;
message : Array ;

2017-04-14 17:26:33 response :
------------

2017-04-14 17:27:58 trace :
------------
String:
<xml><ToUserName><![CDATA[gh_1557bd037cb0]]></ToUserName>
<FromUserName><![CDATA[oKSD-vgRrIGHuD1WtAazw0_pnjV8]]></FromUserName>
<CreateTime>1492162078</CreateTime>
<MsgType><![CDATA[event]]></MsgType>
<Event><![CDATA[VIEW]]></Event>
<EventKey><![CDATA[http://wx.fishingboats.cn/app/index.php?i=3&c=entry&eid=1]]></EventKey>
<MenuId>414945737</MenuId>
</xml>

2017-04-14 17:27:58 params :
------------
Array:
rule : -2 ;
module :  ;
message : Array ;

2017-04-14 17:27:58 response :
------------

